<?xml version="1.0" encoding="UTF-8"?>
<testng-results ignored="0" total="1" passed="1" failed="0" skipped="0">
  <reporter-output>
  </reporter-output>
  <suite started-at="2024-06-19T13:52:35 CEST" name="Default suite" finished-at="2024-06-19T13:52:51 CEST" duration-ms="15309">
    <groups>
    </groups>
    <test started-at="2024-06-19T13:52:35 CEST" name="Default test" finished-at="2024-06-19T13:52:51 CEST" duration-ms="15309">
      <class name="selepractoce.Test.AppTest">
        <test-method signature="e2eTest()[pri:0, instance:selepractoce.Test.AppTest@408b35bf]" started-at="2024-06-19T13:52:35 CEST" name="e2eTest" finished-at="2024-06-19T13:52:51 CEST" duration-ms="15234" status="PASS">
          <reporter-output>
          </reporter-output>
        </test-method> <!-- e2eTest -->
      </class> <!-- selepractoce.Test.AppTest -->
    </test> <!-- Default test -->
  </suite> <!-- Default suite -->
</testng-results>
